<?xml version="1.0" encoding="UTF-8"?>
<!-- Generated by org.testng.reporters.JUnitXMLReporter -->
<testsuite ignored="4" hostname="M5414133" failures="1" tests="2" name="Test" time="172.287" errors="0" timestamp="19 Jun 2023 13:05:47 GMT">
  <testcase classname="Build.Regression_OrangeHRM.TC_01_EndToEnd" name="sanityOperation" time="16.585"/>
  <testcase classname="Build.Regression_OrangeHRM.TC_02_Leave_Time" name="sanityOperation" time="10.966">
    <failure type="java.lang.IndexOutOfBoundsException" message="Index 0 out of bounds for length 0">
      <![CDATA[java.lang.IndexOutOfBoundsException: Index 0 out of bounds for length 0
at java.base/jdk.internal.util.Preconditions.outOfBounds(Preconditions.java:64)
at java.base/jdk.internal.util.Preconditions.outOfBoundsCheckIndex(Preconditions.java:70)
at java.base/jdk.internal.util.Preconditions.checkIndex(Preconditions.java:266)
at java.base/java.util.Objects.checkIndex(Objects.java:359)
at java.base/java.util.ArrayList.get(ArrayList.java:427)
at org.openqa.selenium.support.pagefactory.internal.LocatingElementListHandler.invoke(LocatingElementListHandler.java:39)
at jdk.proxy2/jdk.proxy2.$Proxy15.get(Unknown Source)
at abstract_Components.Reusable_Methods.click_Leave(Reusable_Methods.java:51)
at Build.Regression_OrangeHRM.TC_02_Leave_Time.sanityOperation(TC_02_Leave_Time.java:25)
... Removed 29 stack frames]]>
    </failure>
  </testcase> <!-- sanityOperation -->
  <testcase classname="test_Components.BaseTest" name="@BeforeTest launchApplication" time="0.0">
    <ignored/>
  </testcase> <!-- @BeforeTest launchApplication -->
  <testcase classname="test_Components.BaseTest" name="@AfterSuite StopDockerDelete" time="0.0">
    <ignored/>
  </testcase> <!-- @AfterSuite StopDockerDelete -->
  <testcase classname="test_Components.BaseTest" name="@AfterTest teardown" time="0.0">
    <ignored/>
  </testcase> <!-- @AfterTest teardown -->
  <testcase classname="test_Components.BaseTest" name="@BeforeSuite startDockerScale" time="0.0">
    <ignored/>
  </testcase> <!-- @BeforeSuite startDockerScale -->
</testsuite> <!-- Test -->
